▲ Next.js 16.2.10 (Turbopack)
- Local:         http://localhost:3000
- Network:       http://192.168.192.1:3000
- Environments: .env
✓ Ready in 764ms
⚠ The "middleware" file convention is deprecated. Please use "proxy" instead. Learn more: https://nextjs.org/docs/messages/middleware-to-proxy

 GET /checkout 200 in 793ms (next.js: 299ms, proxy.ts: 97ms, application-code: 398ms)
[browser] Encountered a script tag while rendering React component. Scripts inside React components are never executed when rendering on the client. Consider using template tag instead (https://developer.mozilla.org/en-US/docs/Web/HTML/Element/template). 
    at completeWork (file://C:/PROJETOS JAVASCRIPT/GelatoSorvetes/my-app/.next/dev/static/chunks/node_modules_next_dist_compiled_react-dom_096_9a-._.js:6945:102)
    at runWithFiberInDEV (file://C:/PROJETOS JAVASCRIPT/GelatoSorvetes/my-app/.next/dev/static/chunks/node_modules_next_dist_compiled_react-dom_096_9a-._.js:965:74)
    at completeUnitOfWork (file://C:/PROJETOS JAVASCRIPT/GelatoSorvetes/my-app/.next/dev/static/chunks/node_modules_next_dist_compiled_react-dom_096_9a-._.js:9622:23)
    at performUnitOfWork (file://C:/PROJETOS JAVASCRIPT/GelatoSorvetes/my-app/.next/dev/static/chunks/node_modules_next_dist_compiled_react-dom_096_9a-._.js:9557:28)
    at workLoopSync (file://C:/PROJETOS JAVASCRIPT/GelatoSorvetes/my-app/.next/dev/static/chunks/node_modules_next_dist_compiled_react-dom_096_9a-._.js:9449:40)
    at renderRootSync (file://C:/PROJETOS JAVASCRIPT/GelatoSorvetes/my-app/.next/dev/static/chunks/node_modules_next_dist_compiled_react-dom_096_9a-._.js:9433:13)
    at performWorkOnRoot (file://C:/PROJETOS JAVASCRIPT/GelatoSorvetes/my-app/.next/dev/static/chunks/node_modules_next_dist_compiled_react-dom_096_9a-._.js:9061:186)
    at performSyncWorkOnRoot (file://C:/PROJETOS JAVASCRIPT/GelatoSorvetes/my-app/.next/dev/static/chunks/node_modules_next_dist_compiled_react-dom_096_9a-._.js:10263:9)
    at flushSyncWorkAcrossRoots_impl (file://C:/PROJETOS JAVASCRIPT/GelatoSorvetes/my-app/.next/dev/static/chunks/node_modules_next_dist_compiled_react-dom_096_9a-._.js:10179:316)
    at flushPassiveEffects (file://C:/PROJETOS JAVASCRIPT/GelatoSorvetes/my-app/.next/dev/static/chunks/node_modules_next_dist_compiled_react-dom_096_9a-._.js:10008:13)
    at <unknown> (file://C:/PROJETOS JAVASCRIPT/GelatoSorvetes/my-app/.next/dev/static/chunks/node_modules_next_dist_compiled_react-dom_096_9a-._.js:9724:13)
    at MessagePort.performWorkUntilDeadline (file://C:/PROJETOS JAVASCRIPT/GelatoSorvetes/my-app/.next/dev/static/chunks/node_modules_next_dist_compiled_1amofcm._.js:2647:64) (file://C:/PROJETOS JAVASCRIPT/GelatoSorvetes/my-app/.next/dev/static/chunks/node_modules_next_dist_compiled_react-dom_096_9a-._.js:6945:102)
 GET /icon-192.png 404 in 478ms (next.js: 58ms, application-code: 420ms)
 POST /checkout 200 in 419ms (next.js: 27ms, proxy.ts: 27ms, application-code: 365ms)
  └─ ƒ getSessionAction("eyJhbGciOiJIUzI1NiJ9.eyJ1c2VySWQiOiJjbXJpNDExbWwwMDAwcmt2cmU0aGRiNm90IiwiZW1haWwiOiJlbWVyc29uYmF0YWd1YXNzdUBnbWFpbC5jb20iLCJpYXQiOjE3ODM4ODI3MTcsImV4cCI6MTc4NDQ4NzUxN30.5zZCvj1ln5RuxKkJkTtppSdNVh0gYRbRadyg_NXslX4") in 194ms features/auth/actions/auth.actions.ts
 POST /checkout 200 in 78ms (next.js: 52ms, proxy.ts: 7ms, application-code: 19ms)
  └─ ƒ getSessionAction("eyJhbGciOiJIUzI1NiJ9.eyJ1c2VySWQiOiJjbXJpNDExbWwwMDAwcmt2cmU0aGRiNm90IiwiZW1haWwiOiJlbWVyc29uYmF0YWd1YXNzdUBnbWFpbC5jb20iLCJpYXQiOjE3ODM4ODI3MTcsImV4cCI6MTc4NDQ4NzUxN30.5zZCvj1ln5RuxKkJkTtppSdNVh0gYRbRadyg_NXslX4") in 4ms features/auth/actions/auth.actions.ts
 POST /checkout 200 in 110ms (next.js: 11ms, proxy.ts: 10ms, application-code: 89ms)
  └─ ƒ calculateDeliveryFeeAction("centro") in 66ms features/orders/actions/orders.actions.ts
 POST /checkout 200 in 31ms (next.js: 7ms, proxy.ts: 4ms, application-code: 20ms)
  └─ ƒ createOrderAction({"cartItems":["[Object]","[Object]"],"city":"Bataguassu","complement":"casa","...":"9 items not stringified"}) in 10ms features/orders/actions/orders.actions.ts
 GET /orders 200 in 87ms (next.js: 53ms, proxy.ts: 5ms, application-code: 29ms)
 POST /orders 200 in 46ms (next.js: 15ms, proxy.ts: 9ms, application-code: 22ms)
  └─ ƒ getUserOrdersAction(1) in 4ms features/orders/actions/orders.actions.ts
 POST /orders 200 in 43ms (next.js: 19ms, proxy.ts: 8ms, application-code: 16ms)
  └─ ƒ getUserOrdersAction(1) in 1ms features/orders/actions/orders.actions.ts
 GET /icon-192.png 404 in 55ms (next.js: 10ms, application-code: 45ms)
 GET /orders 200 in 32ms (next.js: 8ms, proxy.ts: 3ms, application-code: 22ms)
 GET /icon-192.png 404 in 51ms (next.js: 9ms, application-code: 41ms)
 GET /orders 200 in 32ms (next.js: 7ms, proxy.ts: 3ms, application-code: 22ms)
 GET /icon-192.png 404 in 54ms (next.js: 9ms, application-code: 45ms)
 GET /orders 200 in 37ms (next.js: 6ms, proxy.ts: 3ms, application-code: 28ms)
 GET /icon-192.png 404 in 63ms (next.js: 9ms, application-code: 54ms)
 GET /catalog 200 in 83ms (next.js: 51ms, proxy.ts: 4ms, application-code: 28ms)
 GET /icon-192.png 404 in 93ms (next.js: 17ms, application-code: 76ms)
 POST /catalog 200 in 329ms (next.js: 23ms, proxy.ts: 8ms, application-code: 298ms)
  └─ ƒ getProductsAction({"page":"1","sort":"newest"}) in 278ms features/products/actions/product.actions.ts
 POST /catalog 200 in 32ms (next.js: 7ms, proxy.ts: 4ms, application-code: 21ms)
  └─ ƒ getCategoriesAction() in 10ms features/categories/actions/category.actions.ts
 POST /catalog 200 in 34ms (next.js: 7ms, proxy.ts: 4ms, application-code: 22ms)
  └─ ƒ getProductsAction({"page":"1","sort":"newest"}) in 8ms features/products/actions/product.actions.ts
 POST /catalog 200 in 55ms (next.js: 10ms, proxy.ts: 6ms, application-code: 39ms)
  └─ ƒ getCategoriesAction() in 15ms features/categories/actions/category.actions.ts
 GET /placeholder-product.jpg 404 in 88ms (next.js: 18ms, application-code: 70ms)
⨯ The requested resource isn't a valid image for /placeholder-product.jpg received null
 GET / 200 in 189ms (next.js: 59ms, proxy.ts: 4ms, application-code: 126ms)
 GET /checkout 200 in 76ms (next.js: 9ms, proxy.ts: 5ms, application-code: 61ms)
✓ Compiled in 682ms
 GET /catalog 200 in 358ms (next.js: 224ms, proxy.ts: 61ms, application-code: 74ms)
 GET /catalog 200 in 61ms (next.js: 19ms, proxy.ts: 7ms, application-code: 35ms)
 GET /icon-192.png 404 in 382ms (next.js: 197ms, application-code: 185ms)
 POST /catalog 200 in 514ms (next.js: 18ms, proxy.ts: 7ms, application-code: 489ms)
  └─ ƒ getProductsAction({"page":"1","sort":"newest"}) in 449ms features/products/actions/product.actions.ts
 POST /catalog 200 in 50ms (next.js: 17ms, proxy.ts: 7ms, application-code: 26ms)
  └─ ƒ getCategoriesAction() in 11ms features/categories/actions/category.actions.ts
 GET /placeholder-product.jpg 404 in 94ms (next.js: 19ms, application-code: 75ms)
⨯ The requested resource isn't a valid image for /placeholder-product.jpg received null
 GET /catalog 200 in 176ms (next.js: 6ms, proxy.ts: 5ms, application-code: 164ms)
 GET /icon-192.png 404 in 54ms (next.js: 10ms, application-code: 44ms)
 POST /catalog 200 in 69ms (next.js: 8ms, proxy.ts: 4ms, application-code: 58ms)
  └─ ƒ getSessionAction("eyJhbGciOiJIUzI1NiJ9.eyJ1c2VySWQiOiJjbXJpNDExbWwwMDAwcmt2cmU0aGRiNm90IiwiZW1haWwiOiJlbWVyc29uYmF0YWd1YXNzdUBnbWFpbC5jb20iLCJpYXQiOjE3ODM4ODI3MTcsImV4cCI6MTc4NDQ4NzUxN30.5zZCvj1ln5RuxKkJkTtppSdNVh0gYRbRadyg_NXslX4") in 44ms features/auth/actions/auth.actions.ts
 POST /catalog 200 in 70ms (next.js: 7ms, proxy.ts: 3ms, application-code: 60ms)
  └─ ƒ getProductsAction({"page":"1","sort":"newest"}) in 48ms features/products/actions/product.actions.ts
 POST /catalog 200 in 25ms (next.js: 6ms, proxy.ts: 4ms, application-code: 15ms)
  └─ ƒ getCategoriesAction() in 5ms features/categories/actions/category.actions.ts
 POST /catalog 200 in 28ms (next.js: 7ms, proxy.ts: 4ms, application-code: 17ms)
  └─ ƒ getSessionAction("eyJhbGciOiJIUzI1NiJ9.eyJ1c2VySWQiOiJjbXJpNDExbWwwMDAwcmt2cmU0aGRiNm90IiwiZW1haWwiOiJlbWVyc29uYmF0YWd1YXNzdUBnbWFpbC5jb20iLCJpYXQiOjE3ODM4ODI3MTcsImV4cCI6MTc4NDQ4NzUxN30.5zZCvj1ln5RuxKkJkTtppSdNVh0gYRbRadyg_NXslX4") in 7ms features/auth/actions/auth.actions.ts
 POST /catalog 200 in 96ms (next.js: 6ms, proxy.ts: 3ms, application-code: 87ms)
  └─ ƒ getProductsAction({"page":"1","sort":"newest"}) in 14ms features/products/actions/product.actions.ts
 GET /placeholder-product.jpg 404 in 79ms (next.js: 17ms, application-code: 61ms)
⨯ The requested resource isn't a valid image for /placeholder-product.jpg received null
 POST /catalog 200 in 73ms (next.js: 22ms, proxy.ts: 35ms, application-code: 16ms)
  └─ ƒ getCategoriesAction() in 5ms features/categories/actions/category.actions.ts
[browser] Image with src "https://images.unsplash.com/photo-1497034825429-c343d7c6a68f?w=800" was detected as the Largest Contentful Paint (LCP). Please add the `loading="eager"` property if this image is above the fold.
Read more: https://nextjs.org/docs/app/api-reference/components/image#loading (file://C:/PROJETOS JAVASCRIPT/GelatoSorvetes/my-app/.next/dev/static/chunks/node_modules_next_dist_1ybzpk2._.js:2477:13)
[browser] Image with src "https://images.unsplash.com/photo-1572490122747-3968b75cc699?w=800" has "fill" but is missing "sizes" prop. Please add it to improve page performance. Read more: https://nextjs.org/docs/api-reference/next/image#sizes (file://C:/PROJETOS JAVASCRIPT/GelatoSorvetes/my-app/.next/dev/static/chunks/node_modules_next_dist_1ybzpk2._.js:2477:13)
 GET /checkout 200 in 410ms (next.js: 146ms, proxy.ts: 3ms, application-code: 261ms)
 POST /checkout 200 in 90ms (next.js: 49ms, proxy.ts: 11ms, application-code: 31ms)
  └─ ƒ getSessionAction("eyJhbGciOiJIUzI1NiJ9.eyJ1c2VySWQiOiJjbXJpNDExbWwwMDAwcmt2cmU0aGRiNm90IiwiZW1haWwiOiJlbWVyc29uYmF0YWd1YXNzdUBnbWFpbC5jb20iLCJpYXQiOjE3ODM4ODI3MTcsImV4cCI6MTc4NDQ4NzUxN30.5zZCvj1ln5RuxKkJkTtppSdNVh0gYRbRadyg_NXslX4") in 9ms features/auth/actions/auth.actions.ts
 GET /icon-192.png 404 in 96ms (next.js: 19ms, application-code: 76ms)
 POST /checkout 200 in 28ms (next.js: 8ms, proxy.ts: 7ms, application-code: 13ms)
  └─ ƒ getSessionAction("eyJhbGciOiJIUzI1NiJ9.eyJ1c2VySWQiOiJjbXJpNDExbWwwMDAwcmt2cmU0aGRiNm90IiwiZW1haWwiOiJlbWVyc29uYmF0YWd1YXNzdUBnbWFpbC5jb20iLCJpYXQiOjE3ODM4ODI3MTcsImV4cCI6MTc4NDQ4NzUxN30.5zZCvj1ln5RuxKkJkTtppSdNVh0gYRbRadyg_NXslX4") in 3ms features/auth/actions/auth.actions.ts
 POST /checkout 200 in 58ms (next.js: 6ms, proxy.ts: 4ms, application-code: 47ms)
  └─ ƒ calculateDeliveryFeeAction("dassda") in 37ms features/orders/actions/orders.actions.ts
 POST /checkout 200 in 46ms (next.js: 10ms, proxy.ts: 5ms, application-code: 31ms)
  └─ ƒ createOrderAction({"cartItems":["[Object]","[Object]"],"city":"dasdas","complement":"dsadas","...":"9 items not stringified"}) in 14ms features/orders/actions/orders.actions.ts
 POST /checkout 200 in 34ms (next.js: 6ms, proxy.ts: 4ms, application-code: 25ms)
  └─ ƒ createOrderAction({"cartItems":["[Object]","[Object]"],"city":"dasdas","complement":"dsadas","...":"9 items not stringified"}) in 14ms features/orders/actions/orders.actions.ts
 POST /checkout 200 in 37ms (next.js: 5ms, proxy.ts: 5ms, application-code: 27ms)
  └─ ƒ createOrderAction({"cartItems":["[Object]","[Object]"],"city":"dasdas","complement":"dsadas","...":"9 items not stringified"}) in 14ms features/orders/actions/orders.actions.ts
 POST /checkout 200 in 35ms (next.js: 8ms, proxy.ts: 4ms, application-code: 23ms)
  └─ ƒ createOrderAction({"cartItems":["[Object]","[Object]"],"city":"dasdas","complement":"dsadas","...":"9 items not stringified"}) in 10ms features/orders/actions/orders.actions.ts
 POST /checkout 200 in 30ms (next.js: 5ms, proxy.ts: 5ms, application-code: 19ms)
  └─ ƒ createOrderAction({"cartItems":["[Object]","[Object]"],"city":"dasdas","complement":"dsadas","...":"9 items not stringified"}) in 2ms features/orders/actions/orders.actions.ts
 POST /checkout 200 in 36ms (next.js: 7ms, proxy.ts: 5ms, application-code: 24ms)
  └─ ƒ createOrderAction({"cartItems":["[Object]","[Object]"],"city":"dasdas","complement":"dsadas","...":"9 items not stringified"}) in 12ms features/orders/actions/orders.actions.ts
 POST /checkout 200 in 31ms (next.js: 7ms, proxy.ts: 5ms, application-code: 18ms)
  └─ ƒ createOrderAction({"cartItems":["[Object]","[Object]"],"city":"dasdas","complement":"dsadas","...":"9 items not stringified"}) in 6ms features/orders/actions/orders.actions.ts
 POST /checkout 200 in 22ms (next.js: 7ms, proxy.ts: 4ms, application-code: 11ms)
  └─ ƒ createOrderAction({"cartItems":["[Object]","[Object]"],"city":"dasdas","complement":"dsadas","...":"9 items not stringified"}) in 1ms features/orders/actions/orders.actions.ts
 POST /checkout 200 in 30ms (next.js: 8ms, proxy.ts: 3ms, application-code: 18ms)
  └─ ƒ createOrderAction({"cartItems":["[Object]","[Object]"],"city":"dasdas","complement":"dsadas","...":"9 items not stringified"}) in 7ms features/orders/actions/orders.actions.ts
  Reload env: .env
✓ Compiled in 398ms
 GET /checkout 200 in 914ms (next.js: 660ms, proxy.ts: 73ms, application-code: 182ms)
 GET /checkout 200 in 132ms (next.js: 24ms, proxy.ts: 42ms, application-code: 66ms)
 GET /checkout 200 in 183ms (next.js: 88ms, proxy.ts: 11ms, application-code: 84ms)
 GET /checkout 200 in 182ms (next.js: 23ms, proxy.ts: 11ms, application-code: 149ms)
 GET /checkout 200 in 182ms (next.js: 126ms, proxy.ts: 11ms, application-code: 46ms)
 GET /checkout 200 in 181ms (next.js: 50ms, proxy.ts: 10ms, application-code: 120ms)
 GET /icon-192.png 404 in 144ms (next.js: 27ms, application-code: 117ms)
✓ Compiled in 1006ms
 GET /checkout 200 in 212ms (next.js: 148ms, proxy.ts: 17ms, application-code: 47ms)
 GET /checkout 200 in 224ms (next.js: 18ms, proxy.ts: 4ms, application-code: 202ms)
 GET /checkout 200 in 217ms (next.js: 6ms, proxy.ts: 3ms, application-code: 208ms)
 GET /checkout 200 in 192ms (next.js: 16ms, proxy.ts: 8ms, application-code: 168ms)
 GET /checkout 200 in 192ms (next.js: 43ms, proxy.ts: 7ms, application-code: 142ms)
 GET /checkout 200 in 230ms (next.js: 70ms, proxy.ts: 7ms, application-code: 154ms)
 GET /checkout 200 in 230ms (next.js: 109ms, proxy.ts: 7ms, application-code: 115ms)
 GET /checkout 200 in 261ms (next.js: 9ms, proxy.ts: 3ms, application-code: 249ms)
 GET /checkout 200 in 267ms (next.js: 12ms, proxy.ts: 4ms, application-code: 251ms)
 GET /checkout 200 in 266ms (next.js: 24ms, proxy.ts: 43ms, application-code: 200ms)
 GET /checkout 200 in 231ms (next.js: 58ms, proxy.ts: 10ms, application-code: 163ms)
 GET /checkout 200 in 226ms (next.js: 86ms, proxy.ts: 7ms, application-code: 133ms)
 GET /checkout 200 in 264ms (next.js: 123ms, proxy.ts: 7ms, application-code: 134ms)
 GET /checkout 200 in 267ms (next.js: 10ms, proxy.ts: 4ms, application-code: 252ms)
 GET /checkout 200 in 282ms (next.js: 18ms, proxy.ts: 4ms, application-code: 260ms)
 GET /checkout 200 in 282ms (next.js: 91ms, proxy.ts: 7ms, application-code: 185ms)
 GET /checkout 200 in 286ms (next.js: 54ms, proxy.ts: 6ms, application-code: 225ms)
 GET /checkout 200 in 250ms (next.js: 84ms, proxy.ts: 5ms, application-code: 161ms)
 GET /checkout 200 in 290ms (next.js: 110ms, proxy.ts: 6ms, application-code: 174ms)
 GET /checkout 200 in 275ms (next.js: 12ms, proxy.ts: 6ms, application-code: 257ms)
 GET /checkout 200 in 256ms (next.js: 22ms, proxy.ts: 6ms, application-code: 228ms)
 GET /checkout 200 in 254ms (next.js: 59ms, proxy.ts: 9ms, application-code: 186ms)
 GET /checkout 200 in 256ms (next.js: 53ms, proxy.ts: 43ms, application-code: 160ms)
 GET /checkout 200 in 217ms (next.js: 84ms, proxy.ts: 6ms, application-code: 127ms)
 GET /checkout 200 in 214ms (next.js: 108ms, proxy.ts: 5ms, application-code: 101ms)
 GET /checkout 200 in 273ms (next.js: 9ms, proxy.ts: 5ms, application-code: 259ms)
 GET /checkout 200 in 270ms (next.js: 27ms, proxy.ts: 5ms, application-code: 238ms)
 GET /checkout 200 in 264ms (next.js: 56ms, proxy.ts: 7ms, application-code: 201ms)
 GET /checkout 200 in 258ms (next.js: 84ms, proxy.ts: 8ms, application-code: 166ms)
 GET /checkout 200 in 260ms (next.js: 90ms, proxy.ts: 41ms, application-code: 128ms)
 GET /checkout 200 in 256ms (next.js: 84ms, proxy.ts: 39ms, application-code: 134ms)
 GET /checkout 200 in 235ms (next.js: 9ms, proxy.ts: 3ms, application-code: 223ms)
 GET /checkout 200 in 243ms (next.js: 19ms, proxy.ts: 3ms, application-code: 221ms)
 GET /checkout 200 in 245ms (next.js: 52ms, proxy.ts: 9ms, application-code: 183ms)
 GET /checkout 200 in 243ms (next.js: 52ms, proxy.ts: 38ms, application-code: 154ms)
 GET /checkout 200 in 209ms (next.js: 79ms, proxy.ts: 7ms, application-code: 124ms)
 GET /checkout 200 in 239ms (next.js: 102ms, proxy.ts: 6ms, application-code: 131ms)
 GET /checkout 200 in 120ms (next.js: 11ms, proxy.ts: 6ms, application-code: 103ms)
 GET /checkout 200 in 84ms (next.js: 13ms, proxy.ts: 4ms, application-code: 67ms)
✓ Compiled in 651ms
 GET /checkout 200 in 4.4s (next.js: 927ms, proxy.ts: 42ms, application-code: 3.4s)
 GET /checkout 200 in 4.3s (next.js: 1025ms, proxy.ts: 13ms, application-code: 3.3s)
 GET /checkout 200 in 4.3s (next.js: 1076ms, proxy.ts: 13ms, application-code: 3.2s)
 GET /checkout 200 in 4.3s (next.js: 981ms, proxy.ts: 12ms, application-code: 3.3s)
 GET /checkout 200 in 4.3s (next.js: 1065ms, proxy.ts: 7ms, application-code: 3.2s)
 GET /checkout 200 in 4.3s (next.js: 1051ms, proxy.ts: 5ms, application-code: 3.3s)
 GET /checkout 200 in 522ms (next.js: 161ms, proxy.ts: 27ms, application-code: 334ms)
 GET /checkout 200 in 515ms (next.js: 453ms, proxy.ts: 25ms, application-code: 37ms)
 GET /checkout 200 in 521ms (next.js: 188ms, proxy.ts: 26ms, application-code: 308ms)
 GET /checkout 200 in 520ms (next.js: 214ms, proxy.ts: 25ms, application-code: 281ms)
 GET /checkout 200 in 520ms (next.js: 426ms, proxy.ts: 25ms, application-code: 69ms)
 GET /checkout 200 in 587ms (next.js: 125ms, proxy.ts: 27ms, application-code: 435ms)
 GET /icon-192.png 404 in 332ms (next.js: 154ms, application-code: 178ms)
 POST /checkout 200 in 119ms (next.js: 9ms, proxy.ts: 5ms, application-code: 104ms)
  └─ ƒ getSessionAction("eyJhbGciOiJIUzI1NiJ9.eyJ1c2VySWQiOiJjbXJpNDExbWwwMDAwcmt2cmU0aGRiNm90IiwiZW1haWwiOiJlbWVyc29uYmF0YWd1YXNzdUBnbWFpbC5jb20iLCJpYXQiOjE3ODM4ODI3MTcsImV4cCI6MTc4NDQ4NzUxN30.5zZCvj1ln5RuxKkJkTtppSdNVh0gYRbRadyg_NXslX4") in 59ms features/auth/actions/auth.actions.ts
 POST /checkout 200 in 53ms (next.js: 10ms, proxy.ts: 7ms, application-code: 35ms)
  └─ ƒ getSessionAction("eyJhbGciOiJIUzI1NiJ9.eyJ1c2VySWQiOiJjbXJpNDExbWwwMDAwcmt2cmU0aGRiNm90IiwiZW1haWwiOiJlbWVyc29uYmF0YWd1YXNzdUBnbWFpbC5jb20iLCJpYXQiOjE3ODM4ODI3MTcsImV4cCI6MTc4NDQ4NzUxN30.5zZCvj1ln5RuxKkJkTtppSdNVh0gYRbRadyg_NXslX4") in 19ms features/auth/actions/auth.actions.ts
 GET /icon-192.png 404 in 72ms (next.js: 12ms, application-code: 60ms)
 POST /checkout 200 in 71ms (next.js: 7ms, proxy.ts: 6ms, application-code: 58ms)
  └─ ƒ calculateDeliveryFeeAction("centro") in 42ms features/orders/actions/orders.actions.ts
 POST /checkout 200 in 71ms (next.js: 8ms, proxy.ts: 4ms, application-code: 59ms)
  └─ ƒ createOrderAction({"cartItems":["[Object]","[Object]"],"city":"Bataguassu","complement":"CASA","...":"9 items not stringified"}) in 49ms features/orders/actions/orders.actions.ts
 GET /checkout/success?orderId=cmri8sfco0000t0vrqbhks9db 200 in 1532ms (next.js: 1493ms, proxy.ts: 3ms, application-code: 37ms)
 POST /checkout/success?orderId=cmri8sfco0000t0vrqbhks9db 200 in 86ms (next.js: 17ms, proxy.ts: 6ms, application-code: 64ms)
  └─ ƒ getOrderByIdAction("cmri8sfco0000t0vrqbhks9db") in 14ms features/orders/actions/orders.actions.ts
 POST /checkout/success?orderId=cmri8sfco0000t0vrqbhks9db 200 in 144ms (next.js: 101ms, proxy.ts: 12ms, application-code: 32ms)
  └─ ƒ getOrderByIdAction("cmri8sfco0000t0vrqbhks9db") in 11ms features/orders/actions/orders.actions.ts
 GET /icon-192.png 404 in 152ms (next.js: 24ms, application-code: 128ms)
  Reload env: .env
✓ Compiled in 286ms
 GET /checkout/success?orderId=cmri8sfco0000t0vrqbhks9db 200 in 579ms (next.js: 156ms, proxy.ts: 31ms, application-code: 392ms)
 GET /checkout/success?orderId=cmri8sfco0000t0vrqbhks9db 200 in 337ms (next.js: 13ms, proxy.ts: 6ms, application-code: 317ms)
 GET /checkout/success?orderId=cmri8sfco0000t0vrqbhks9db 200 in 233ms (next.js: 74ms, proxy.ts: 16ms, application-code: 143ms)
 GET /checkout/success?orderId=cmri8sfco0000t0vrqbhks9db 200 in 238ms (next.js: 22ms, proxy.ts: 17ms, application-code: 199ms)
 GET /checkout/success?orderId=cmri8sfco0000t0vrqbhks9db 200 in 230ms (next.js: 166ms, proxy.ts: 14ms, application-code: 50ms)
 GET /checkout/success?orderId=cmri8sfco0000t0vrqbhks9db 200 in 235ms (next.js: 123ms, proxy.ts: 15ms, application-code: 97ms)
 GET /icon-192.png 404 in 186ms (next.js: 31ms, application-code: 155ms)
✓ Compiled in 140ms
 GET /checkout/success?orderId=cmri8sfco0000t0vrqbhks9db 200 in 262ms (next.js: 171ms, proxy.ts: 24ms, application-code: 67ms)
 GET /icon-192.png 404 in 195ms (next.js: 36ms, application-code: 159ms)
  Reload env: .env
 GET /checkout/success?orderId=cmri8sfco0000t0vrqbhks9db 200 in 187ms (next.js: 118ms, proxy.ts: 19ms, application-code: 51ms)
 GET /icon-192.png 404 in 126ms (next.js: 23ms, application-code: 104ms)
✓ Compiled in 162ms
 GET /checkout/success?orderId=cmri8sfco0000t0vrqbhks9db 200 in 475ms (next.js: 195ms, proxy.ts: 29ms, application-code: 252ms)
 GET /checkout/success?orderId=cmri8sfco0000t0vrqbhks9db 200 in 216ms (next.js: 7ms, proxy.ts: 4ms, application-code: 204ms)
 GET /checkout/success?orderId=cmri8sfco0000t0vrqbhks9db 200 in 185ms (next.js: 16ms, proxy.ts: 9ms, application-code: 160ms)
 GET /checkout/success?orderId=cmri8sfco0000t0vrqbhks9db 200 in 184ms (next.js: 49ms, proxy.ts: 9ms, application-code: 126ms)
 GET /checkout/success?orderId=cmri8sfco0000t0vrqbhks9db 200 in 183ms (next.js: 80ms, proxy.ts: 8ms, application-code: 95ms)
 GET /checkout/success?orderId=cmri8sfco0000t0vrqbhks9db 200 in 188ms (next.js: 114ms, proxy.ts: 8ms, application-code: 65ms)
 GET /checkout/success?orderId=cmri8sfco0000t0vrqbhks9db 200 in 238ms (next.js: 60ms, proxy.ts: 8ms, application-code: 170ms)
 GET /checkout/success?orderId=cmri8sfco0000t0vrqbhks9db 200 in 251ms (next.js: 39ms, proxy.ts: 3ms, application-code: 208ms)
 GET /checkout/success?orderId=cmri8sfco0000t0vrqbhks9db 200 in 233ms (next.js: 97ms, proxy.ts: 8ms, application-code: 128ms)
 GET /checkout/success?orderId=cmri8sfco0000t0vrqbhks9db 200 in 231ms (next.js: 51ms, proxy.ts: 80ms, application-code: 100ms)
 GET /checkout/success?orderId=cmri8sfco0000t0vrqbhks9db 200 in 232ms (next.js: 79ms, proxy.ts: 77ms, application-code: 76ms)
 GET /checkout/success?orderId=cmri8sfco0000t0vrqbhks9db 200 in 157ms (next.js: 102ms, proxy.ts: 5ms, application-code: 49ms)
 GET /checkout/success?orderId=cmri8sfco0000t0vrqbhks9db 200 in 224ms (next.js: 45ms, proxy.ts: 6ms, application-code: 173ms)
 GET /checkout/success?orderId=cmri8sfco0000t0vrqbhks9db 200 in 228ms (next.js: 20ms, proxy.ts: 5ms, application-code: 203ms)
 GET /checkout/success?orderId=cmri8sfco0000t0vrqbhks9db 200 in 223ms (next.js: 80ms, proxy.ts: 6ms, application-code: 137ms)
 GET /checkout/success?orderId=cmri8sfco0000t0vrqbhks9db 200 in 222ms (next.js: 105ms, proxy.ts: 6ms, application-code: 112ms)
 GET /checkout/success?orderId=cmri8sfco0000t0vrqbhks9db 200 in 164ms (next.js: 88ms, proxy.ts: 4ms, application-code: 72ms)
 GET /checkout/success?orderId=cmri8sfco0000t0vrqbhks9db 200 in 163ms (next.js: 105ms, proxy.ts: 8ms, application-code: 50ms)
 GET /checkout/success?orderId=cmri8sfco0000t0vrqbhks9db 200 in 224ms (next.js: 18ms, proxy.ts: 4ms, application-code: 202ms)
 GET /checkout/success?orderId=cmri8sfco0000t0vrqbhks9db 200 in 225ms (next.js: 46ms, proxy.ts: 5ms, application-code: 174ms)
 GET /checkout/success?orderId=cmri8sfco0000t0vrqbhks9db 200 in 225ms (next.js: 102ms, proxy.ts: 6ms, application-code: 117ms)
 GET /checkout/success?orderId=cmri8sfco0000t0vrqbhks9db 200 in 227ms (next.js: 77ms, proxy.ts: 6ms, application-code: 145ms)
 GET /checkout/success?orderId=cmri8sfco0000t0vrqbhks9db 200 in 177ms (next.js: 75ms, proxy.ts: 4ms, application-code: 98ms)
 GET /checkout/success?orderId=cmri8sfco0000t0vrqbhks9db 200 in 208ms (next.js: 103ms, proxy.ts: 5ms, application-code: 100ms)
 GET /checkout/success?orderId=cmri8sfco0000t0vrqbhks9db 200 in 160ms (next.js: 21ms, proxy.ts: 10ms, application-code: 129ms)
 GET /checkout/success?orderId=cmri8sfco0000t0vrqbhks9db 200 in 158ms (next.js: 51ms, proxy.ts: 11ms, application-code: 95ms)
 GET /checkout/success?orderId=cmri8sfco0000t0vrqbhks9db 200 in 146ms (next.js: 77ms, proxy.ts: 6ms, application-code: 63ms)
 GET /checkout/success?orderId=cmri8sfco0000t0vrqbhks9db 200 in 146ms (next.js: 106ms, proxy.ts: 6ms, application-code: 35ms)
 GET /icon-192.png 404 in 312ms (next.js: 149ms, application-code: 163ms)
 GET / 200 in 177ms (next.js: 140ms, proxy.ts: 5ms, application-code: 32ms)
 GET /hero-pattern.svg 404 in 228ms (next.js: 15ms, application-code: 213ms)
 GET /icon-192.png 404 in 63ms (next.js: 10ms, application-code: 53ms)
 POST / 200 in 304ms (next.js: 42ms, proxy.ts: 6ms, application-code: 256ms)
  └─ ƒ getFeaturedProductsAction(8) in 215ms features/products/actions/product.actions.ts
 POST / 200 in 33ms (next.js: 6ms, proxy.ts: 5ms, application-code: 21ms)
  └─ ƒ getPromotionProductsAction(8) in 9ms features/products/actions/product.actions.ts
 POST / 200 in 19ms (next.js: 5ms, proxy.ts: 3ms, application-code: 11ms)
  └─ ƒ getCategoriesAction() in 2ms features/categories/actions/category.actions.ts
 POST / 200 in 21ms (next.js: 6ms, proxy.ts: 3ms, application-code: 12ms)
  └─ ƒ getFeaturedProductsAction(8) in 3ms features/products/actions/product.actions.ts
 POST / 200 in 26ms (next.js: 10ms, proxy.ts: 3ms, application-code: 14ms)
  └─ ƒ getPromotionProductsAction(8) in 3ms features/products/actions/product.actions.ts
 POST / 200 in 17ms (next.js: 5ms, proxy.ts: 3ms, application-code: 10ms)
  └─ ƒ getCategoriesAction() in 2ms features/categories/actions/category.actions.ts
 GET / 200 in 117ms (next.js: 6ms, proxy.ts: 3ms, application-code: 109ms)
 GET /hero-pattern.svg 404 in 74ms (next.js: 16ms, application-code: 58ms)
 POST / 200 in 31ms (next.js: 10ms, proxy.ts: 6ms, application-code: 15ms)
  └─ ƒ getFeaturedProductsAction(8) in 3ms features/products/actions/product.actions.ts
 GET /icon-192.png 404 in 90ms (next.js: 11ms, application-code: 79ms)
 POST / 200 in 21ms (next.js: 5ms, proxy.ts: 3ms, application-code: 12ms)
  └─ ƒ getPromotionProductsAction(8) in 2ms features/products/actions/product.actions.ts
 POST / 200 in 21ms (next.js: 6ms, proxy.ts: 3ms, application-code: 11ms)
  └─ ƒ getCategoriesAction() in 2ms features/categories/actions/category.actions.ts
 POST / 200 in 18ms (next.js: 5ms, proxy.ts: 3ms, application-code: 10ms)
  └─ ƒ getSessionAction("eyJhbGciOiJIUzI1NiJ9.eyJ1c2VySWQiOiJjbXJpNDExbWwwMDAwcmt2cmU0aGRiNm90IiwiZW1haWwiOiJlbWVyc29uYmF0YWd1YXNzdUBnbWFpbC5jb20iLCJpYXQiOjE3ODM4ODI3MTcsImV4cCI6MTc4NDQ4NzUxN30.5zZCvj1ln5RuxKkJkTtppSdNVh0gYRbRadyg_NXslX4") in 2ms features/auth/actions/auth.actions.ts
 POST / 200 in 20ms (next.js: 6ms, proxy.ts: 3ms, application-code: 11ms)
  └─ ƒ getFeaturedProductsAction(8) in 3ms features/products/actions/product.actions.ts
 POST / 200 in 19ms (next.js: 5ms, proxy.ts: 3ms, application-code: 11ms)
  └─ ƒ getPromotionProductsAction(8) in 3ms features/products/actions/product.actions.ts
 POST / 200 in 19ms (next.js: 5ms, proxy.ts: 3ms, application-code: 10ms)
  └─ ƒ getCategoriesAction() in 1ms features/categories/actions/category.actions.ts
 POST / 200 in 20ms (next.js: 6ms, proxy.ts: 4ms, application-code: 10ms)
  └─ ƒ getSessionAction("eyJhbGciOiJIUzI1NiJ9.eyJ1c2VySWQiOiJjbXJpNDExbWwwMDAwcmt2cmU0aGRiNm90IiwiZW1haWwiOiJlbWVyc29uYmF0YWd1YXNzdUBnbWFpbC5jb20iLCJpYXQiOjE3ODM4ODI3MTcsImV4cCI6MTc4NDQ4NzUxN30.5zZCvj1ln5RuxKkJkTtppSdNVh0gYRbRadyg_NXslX4") in 1ms features/auth/actions/auth.actions.ts
 POST / 200 in 29ms (next.js: 11ms, proxy.ts: 5ms, application-code: 14ms)
  └─ ƒ getFeaturedProductsAction(8) in 4ms features/products/actions/product.actions.ts
 POST / 200 in 21ms (next.js: 5ms, proxy.ts: 3ms, application-code: 12ms)
  └─ ƒ getPromotionProductsAction(8) in 3ms features/products/actions/product.actions.ts
 POST / 200 in 18ms (next.js: 5ms, proxy.ts: 3ms, application-code: 10ms)
  └─ ƒ getCategoriesAction() in 2ms features/categories/actions/category.actions.ts
[browser] Image with src "https://images.unsplash.com/photo-1557142046-c704a3adf364?w=800" has "fill" but is missing "sizes" prop. Please add it to improve page performance. Read more: https://nextjs.org/docs/api-reference/next/image#sizes (file://C:/PROJETOS JAVASCRIPT/GelatoSorvetes/my-app/.next/dev/static/chunks/node_modules_next_dist_1ybzpk2._.js:2477:13)
[browser] Image with src "https://images.unsplash.com/photo-1590301157890-4810ed352733?w=800" has "fill" but is missing "sizes" prop. Please add it to improve page performance. Read more: https://nextjs.org/docs/api-reference/next/image#sizes (file://C:/PROJETOS JAVASCRIPT/GelatoSorvetes/my-app/.next/dev/static/chunks/node_modules_next_dist_1ybzpk2._.js:2477:13)
 GET /login 200 in 81ms (next.js: 54ms, proxy.ts: 3ms, application-code: 24ms)
 GET /icon-192.png 404 in 54ms (next.js: 13ms, application-code: 41ms)
 POST /login 200 in 374ms (next.js: 7ms, proxy.ts: 3ms, application-code: 363ms)
  └─ ƒ sendOtpAction("emersonbataguassu@gmail.com") in 354ms features/auth/actions/auth.actions.ts
 GET /verify 200 in 73ms (next.js: 47ms, proxy.ts: 3ms, application-code: 23ms)
 GET /icon-192.png 404 in 50ms (next.js: 10ms, application-code: 40ms)
 POST /verify 200 in 137ms (next.js: 7ms, proxy.ts: 3ms, application-code: 128ms)
  └─ ƒ verifyOtpAction("emersonbataguassu@gmail.com", "715801") in 67ms features/auth/actions/auth.actions.ts
 GET / 200 in 29ms (next.js: 7ms, proxy.ts: 3ms, application-code: 18ms)
 GET / 200 in 30ms (next.js: 6ms, proxy.ts: 3ms, application-code: 22ms)
 GET /icon-192.png 404 in 54ms (next.js: 12ms, application-code: 43ms)
 POST / 200 in 174ms (next.js: 9ms, proxy.ts: 6ms, application-code: 159ms)
  └─ ƒ getFeaturedProductsAction(8) in 148ms features/products/actions/product.actions.ts
 POST / 200 in 27ms (next.js: 6ms, proxy.ts: 4ms, application-code: 17ms)
  └─ ƒ getPromotionProductsAction(8) in 9ms features/products/actions/product.actions.ts
 POST / 200 in 20ms (next.js: 6ms, proxy.ts: 3ms, application-code: 10ms)
  └─ ƒ getCategoriesAction() in 2ms features/categories/actions/category.actions.ts
 POST / 200 in 21ms (next.js: 5ms, proxy.ts: 4ms, application-code: 12ms)
  └─ ƒ getFeaturedProductsAction(8) in 3ms features/products/actions/product.actions.ts
 POST / 200 in 30ms (next.js: 10ms, proxy.ts: 3ms, application-code: 17ms)
  └─ ƒ getPromotionProductsAction(8) in 6ms features/products/actions/product.actions.ts
 POST / 200 in 20ms (next.js: 6ms, proxy.ts: 4ms, application-code: 11ms)
  └─ ƒ getCategoriesAction() in 2ms features/categories/actions/category.actions.ts
 GET /checkout 200 in 373ms (next.js: 143ms, proxy.ts: 3ms, application-code: 226ms)
 POST /checkout 200 in 117ms (next.js: 8ms, proxy.ts: 5ms, application-code: 105ms)
  └─ ƒ getSessionAction("eyJhbGciOiJIUzI1NiJ9.eyJ1c2VySWQiOiJjbXJpNDExbWwwMDAwcmt2cmU0aGRiNm90IiwiZW1haWwiOiJlbWVyc29uYmF0YWd1YXNzdUBnbWFpbC5jb20iLCJpYXQiOjE3ODM4ODgzNzYsImV4cCI6MTc4NDQ5MzE3Nn0.xyTcXttCbzxG0jndbpgVNsyIMRlGxm90AYQ7le-_xuE") in 27ms features/auth/actions/auth.actions.ts
 POST /checkout 200 in 37ms (next.js: 11ms, proxy.ts: 5ms, application-code: 20ms)
  └─ ƒ getSessionAction("eyJhbGciOiJIUzI1NiJ9.eyJ1c2VySWQiOiJjbXJpNDExbWwwMDAwcmt2cmU0aGRiNm90IiwiZW1haWwiOiJlbWVyc29uYmF0YWd1YXNzdUBnbWFpbC5jb20iLCJpYXQiOjE3ODM4ODgzNzYsImV4cCI6MTc4NDQ5MzE3Nn0.xyTcXttCbzxG0jndbpgVNsyIMRlGxm90AYQ7le-_xuE") in 11ms features/auth/actions/auth.actions.ts
 GET /icon-192.png 404 in 101ms (next.js: 11ms, application-code: 90ms)
 POST /checkout 200 in 59ms (next.js: 8ms, proxy.ts: 5ms, application-code: 47ms)
  └─ ƒ calculateDeliveryFeeAction("dassda") in 37ms features/orders/actions/orders.actions.ts
 GET /admin/login 200 in 177ms (next.js: 73ms, proxy.ts: 8ms, application-code: 96ms)
 GET /icon-192.png 404 in 88ms (next.js: 9ms, application-code: 79ms)
 POST /admin/login 200 in 74ms (next.js: 10ms, proxy.ts: 8ms, application-code: 57ms)
  └─ ƒ getSessionAction("eyJhbGciOiJIUzI1NiJ9.eyJ1c2VySWQiOiJjbXJpNDExbWwwMDAwcmt2cmU0aGRiNm90IiwiZW1haWwiOiJlbWVyc29uYmF0YWd1YXNzdUBnbWFpbC5jb20iLCJpYXQiOjE3ODM4ODgzNzYsImV4cCI6MTc4NDQ5MzE3Nn0.xyTcXttCbzxG0jndbpgVNsyIMRlGxm90AYQ7le-_xuE") in 36ms features/auth/actions/auth.actions.ts
 POST /admin/login 200 in 42ms (next.js: 6ms, proxy.ts: 3ms, application-code: 33ms)
  └─ ƒ getSessionAction("eyJhbGciOiJIUzI1NiJ9.eyJ1c2VySWQiOiJjbXJpNDExbWwwMDAwcmt2cmU0aGRiNm90IiwiZW1haWwiOiJlbWVyc29uYmF0YWd1YXNzdUBnbWFpbC5jb20iLCJpYXQiOjE3ODM4ODgzNzYsImV4cCI6MTc4NDQ5MzE3Nn0.xyTcXttCbzxG0jndbpgVNsyIMRlGxm90AYQ7le-_xuE") in 19ms features/auth/actions/auth.actions.ts
 POST /admin/login 200 in 272ms (next.js: 5ms, proxy.ts: 3ms, application-code: 264ms)
  └─ ƒ adminLoginAction("emersonbataguassu@gmail.com", "356841") in 254ms features/admin/actions/admin.actions.ts
 POST /api/auth/admin-cookie 200 in 100ms (next.js: 79ms, proxy.ts: 3ms, application-code: 19ms)
 GET /admin 200 in 78ms (next.js: 52ms, proxy.ts: 3ms, application-code: 23ms)
 GET /icon-192.png 404 in 109ms (next.js: 25ms, application-code: 84ms)
 POST /admin 200 in 171ms (next.js: 12ms, proxy.ts: 8ms, application-code: 152ms)
  └─ ƒ getDashboardStatsAction() in 140ms features/admin/actions/admin.actions.ts
 POST /admin 200 in 34ms (next.js: 6ms, proxy.ts: 3ms, application-code: 25ms)
  └─ ƒ getDashboardStatsAction() in 17ms features/admin/actions/admin.actions.ts
 GET /admin/products 200 in 80ms (next.js: 54ms, proxy.ts: 3ms, application-code: 24ms)
 POST /admin/products 200 in 106ms (next.js: 14ms, proxy.ts: 5ms, application-code: 87ms)
  └─ ƒ getAllProductsAction(1) in 26ms features/admin/actions/admin.actions.ts
 GET /icon-192.png 404 in 77ms (next.js: 13ms, application-code: 64ms)
 POST /admin/products 200 in 38ms (next.js: 13ms, proxy.ts: 5ms, application-code: 20ms)
  └─ ƒ getAllProductsAction(1) in 9ms features/admin/actions/admin.actions.ts
[browser] In HTML, <button> cannot be a descendant of <button>.
This will cause a hydration error.

  ...
    <table data-slot="table" className="w-full cap...">
      <TableHeader>
      <TableBody>
        <tbody data-slot="table-body" className={"[&_tr:la..."}>
          <TableRow>
            <tr data-slot="table-row" className="border-b t...">
              <TableCell>
              <TableCell>
              <TableCell>
              <TableCell>
              <TableCell>
              <TableCell>
              <TableCell className="text-right">
                <td data-slot="table-cell" className={"p-2 alig..."}>
                  <div className="flex items...">
                    <Button>
                    <Button>
                    <LinkComponent>
                    <AlertDialog>
                      <AlertDialogRoot data-slot="alert-dialog">
                        <AlertDialogTrigger>
                          <DialogTrigger data-slot="alert-dial...">
>                           <button
>                             type="button"
>                             onClick={function}
>                             onMouseDown={function}
>                             onKeyDown={function}
>                             onKeyUp={function}
>                             onPointerDown={function}
>                             tabIndex={0}
>                             disabled={false}
>                             data-base-ui-click-trigger=""
>                             id="base-ui-_r_3_"
>                             aria-haspopup="dialog"
>                             aria-expanded={false}
>                             aria-controls={undefined}
>                             data-slot="alert-dialog-trigger"
>                             ref={function}
>                           >
                              <Button variant="ghost" size="icon" className="h-8 w-8 te...">
                                <Button data-slot="button" className={"group/bu..."}>
>                                 <button
>                                   type="button"
>                                   onClick={function}
>                                   onMouseDown={function}
>                                   onKeyDown={function}
>                                   onKeyUp={function}
>                                   onPointerDown={function}
>                                   tabIndex={0}
>                                   disabled={false}
>                                   data-slot="button"
>                                   ref={function}
>                                   className={"group/button inline-flex shrink-0 items-center justify-center rounded..."}
>                                 >
                        ...
          ...
 
    at console.error (file://C:/PROJETOS JAVASCRIPT/GelatoSorvetes/my-app/.next/dev/static/chunks/_1uv-p52._.js:25:9)
    at validateDOMNesting (file://C:/PROJETOS JAVASCRIPT/GelatoSorvetes/my-app/.next/dev/static/chunks/node_modules_next_dist_compiled_react-dom_096_9a-._.js:1963:372)
    at completeWork (file://C:/PROJETOS JAVASCRIPT/GelatoSorvetes/my-app/.next/dev/static/chunks/node_modules_next_dist_compiled_react-dom_096_9a-._.js:6925:25)
    at runWithFiberInDEV (file://C:/PROJETOS JAVASCRIPT/GelatoSorvetes/my-app/.next/dev/static/chunks/node_modules_next_dist_compiled_react-dom_096_9a-._.js:965:74)
    at completeUnitOfWork (file://C:/PROJETOS JAVASCRIPT/GelatoSorvetes/my-app/.next/dev/static/chunks/node_modules_next_dist_compiled_react-dom_096_9a-._.js:9622:23)
    at performUnitOfWork (file://C:/PROJETOS JAVASCRIPT/GelatoSorvetes/my-app/.next/dev/static/chunks/node_modules_next_dist_compiled_react-dom_096_9a-._.js:9557:28)
    at workLoopSync (file://C:/PROJETOS JAVASCRIPT/GelatoSorvetes/my-app/.next/dev/static/chunks/node_modules_next_dist_compiled_react-dom_096_9a-._.js:9449:40)
    at renderRootSync (file://C:/PROJETOS JAVASCRIPT/GelatoSorvetes/my-app/.next/dev/static/chunks/node_modules_next_dist_compiled_react-dom_096_9a-._.js:9433:13)
    at performWorkOnRoot (file://C:/PROJETOS JAVASCRIPT/GelatoSorvetes/my-app/.next/dev/static/chunks/node_modules_next_dist_compiled_react-dom_096_9a-._.js:9061:186)
    at performWorkOnRootViaSchedulerTask (file://C:/PROJETOS JAVASCRIPT/GelatoSorvetes/my-app/.next/dev/static/chunks/node_modules_next_dist_compiled_react-dom_096_9a-._.js:10255:9)
    at MessagePort.performWorkUntilDeadline (file://C:/PROJETOS JAVASCRIPT/GelatoSorvetes/my-app/.next/dev/static/chunks/node_modules_next_dist_compiled_1amofcm._.js:2647:64) (file://C:/PROJETOS JAVASCRIPT/GelatoSorvetes/my-app/.next/dev/static/chunks/_1uv-p52._.js:25:9)
[browser] <button> cannot contain a nested <button>.
See this log for the ancestor stack trace. 
    at console.error (file://C:/PROJETOS JAVASCRIPT/GelatoSorvetes/my-app/.next/dev/static/chunks/_1uv-p52._.js:25:9)
    at <unknown> (file://C:/PROJETOS JAVASCRIPT/GelatoSorvetes/my-app/.next/dev/static/chunks/node_modules_next_dist_compiled_react-dom_096_9a-._.js:1965:21)
    at runWithFiberInDEV (file://C:/PROJETOS JAVASCRIPT/GelatoSorvetes/my-app/.next/dev/static/chunks/node_modules_next_dist_compiled_react-dom_096_9a-._.js:965:74)
    at validateDOMNesting (file://C:/PROJETOS JAVASCRIPT/GelatoSorvetes/my-app/.next/dev/static/chunks/node_modules_next_dist_compiled_react-dom_096_9a-._.js:1964:178)
    at completeWork (file://C:/PROJETOS JAVASCRIPT/GelatoSorvetes/my-app/.next/dev/static/chunks/node_modules_next_dist_compiled_react-dom_096_9a-._.js:6925:25)
    at runWithFiberInDEV (file://C:/PROJETOS JAVASCRIPT/GelatoSorvetes/my-app/.next/dev/static/chunks/node_modules_next_dist_compiled_react-dom_096_9a-._.js:965:74)
    at completeUnitOfWork (file://C:/PROJETOS JAVASCRIPT/GelatoSorvetes/my-app/.next/dev/static/chunks/node_modules_next_dist_compiled_react-dom_096_9a-._.js:9622:23)
    at performUnitOfWork (file://C:/PROJETOS JAVASCRIPT/GelatoSorvetes/my-app/.next/dev/static/chunks/node_modules_next_dist_compiled_react-dom_096_9a-._.js:9557:28)
    at workLoopSync (file://C:/PROJETOS JAVASCRIPT/GelatoSorvetes/my-app/.next/dev/static/chunks/node_modules_next_dist_compiled_react-dom_096_9a-._.js:9449:40)
    at renderRootSync (file://C:/PROJETOS JAVASCRIPT/GelatoSorvetes/my-app/.next/dev/static/chunks/node_modules_next_dist_compiled_react-dom_096_9a-._.js:9433:13)
    at performWorkOnRoot (file://C:/PROJETOS JAVASCRIPT/GelatoSorvetes/my-app/.next/dev/static/chunks/node_modules_next_dist_compiled_react-dom_096_9a-._.js:9061:186)
    at performWorkOnRootViaSchedulerTask (file://C:/PROJETOS JAVASCRIPT/GelatoSorvetes/my-app/.next/dev/static/chunks/node_modules_next_dist_compiled_react-dom_096_9a-._.js:10255:9)
    at MessagePort.performWorkUntilDeadline (file://C:/PROJETOS JAVASCRIPT/GelatoSorvetes/my-app/.next/dev/static/chunks/node_modules_next_dist_compiled_1amofcm._.js:2647:64) (file://C:/PROJETOS JAVASCRIPT/GelatoSorvetes/my-app/.next/dev/static/chunks/_1uv-p52._.js:25:9)
 GET /placeholder.jpg 404 in 74ms (next.js: 22ms, application-code: 52ms)
⨯ The requested resource isn't a valid image for /placeholder.jpg received null
 GET /admin/categories 200 in 77ms (next.js: 44ms, proxy.ts: 3ms, application-code: 30ms)
 POST /admin/categories 200 in 30ms (next.js: 9ms, proxy.ts: 5ms, application-code: 16ms)
  └─ ƒ getAllCategoriesAction() in 7ms features/admin/actions/admin.actions.ts
 POST /admin/categories 200 in 30ms (next.js: 7ms, proxy.ts: 4ms, application-code: 20ms)
  └─ ƒ getAllCategoriesAction() in 3ms features/admin/actions/admin.actions.ts
 GET /icon-192.png 404 in 52ms (next.js: 10ms, application-code: 42ms)
 GET /admin/orders 200 in 63ms (next.js: 39ms, proxy.ts: 3ms, application-code: 21ms)
 POST /admin/orders 200 in 99ms (next.js: 10ms, proxy.ts: 8ms, application-code: 81ms)
  └─ ƒ getAllOrdersAction(1) in 52ms features/admin/actions/admin.actions.ts
 GET /icon-192.png 404 in 86ms (next.js: 12ms, application-code: 74ms)
 POST /admin/orders 200 in 27ms (next.js: 7ms, proxy.ts: 4ms, application-code: 15ms)
  └─ ƒ getAllOrdersAction(1) in 6ms features/admin/actions/admin.actions.ts
 GET /admin/coupons 200 in 78ms (next.js: 53ms, proxy.ts: 2ms, application-code: 23ms)
 POST /admin/coupons 200 in 104ms (next.js: 14ms, proxy.ts: 6ms, application-code: 85ms)
  └─ ƒ getAllCouponsAction() in 25ms features/admin/actions/admin.actions.ts
 POST /admin/coupons 200 in 31ms (next.js: 11ms, proxy.ts: 5ms, application-code: 14ms)
  └─ ƒ getAllCouponsAction() in 3ms features/admin/actions/admin.actions.ts
 GET /icon-192.png 404 in 89ms (next.js: 16ms, application-code: 73ms)
 POST /checkout 200 in 21ms (next.js: 6ms, proxy.ts: 3ms, application-code: 11ms)
  └─ ƒ validateCouponAction("DESCONTO5", 54.97) in 3ms features/orders/actions/orders.actions.ts
 POST /checkout 200 in 54ms (next.js: 6ms, proxy.ts: 5ms, application-code: 43ms)
  └─ ƒ createOrderAction({"cartItems":["[Object]","[Object]"],"city":"dasdas","complement":"casa","...":"10 items not stringified"}) in 34ms features/orders/actions/orders.actions.ts
 GET /checkout/success?orderId=cmri94k1v0004t0vrshwmduyz 200 in 36ms (next.js: 8ms, proxy.ts: 3ms, application-code: 25ms)
 POST /checkout/success?orderId=cmri94k1v0004t0vrshwmduyz 200 in 158ms (next.js: 35ms, proxy.ts: 5ms, application-code: 118ms)
  └─ ƒ getOrderByIdAction("cmri94k1v0004t0vrshwmduyz") in 13ms features/orders/actions/orders.actions.ts
 POST /checkout/success?orderId=cmri94k1v0004t0vrshwmduyz 200 in 69ms (next.js: 45ms, proxy.ts: 7ms, application-code: 17ms)
  └─ ƒ getOrderByIdAction("cmri94k1v0004t0vrshwmduyz") in 8ms features/orders/actions/orders.actions.ts
 GET /icon-192.png 404 in 71ms (next.js: 13ms, application-code: 59ms)
✓ Compiled in 114ms
 GET /admin/coupons 200 in 350ms (next.js: 159ms, proxy.ts: 56ms, application-code: 135ms)
 GET /checkout/success?orderId=cmri94k1v0004t0vrshwmduyz 200 in 293ms (next.js: 249ms, proxy.ts: 6ms, application-code: 38ms)
 GET /icon-192.png 404 in 193ms (next.js: 38ms, application-code: 155ms)
 GET /icon-192.png 404 in 136ms (next.js: 27ms, application-code: 109ms)
✓ Compiled in 101ms
[browser] React does not recognize the `asChild` prop on a DOM element. If you intentionally want it to appear in the DOM as a custom attribute, spell it as lowercase `aschild` instead. If you accidentally passed it from a parent component, remove it from the DOM element. 
    at console.error (file://C:/PROJETOS JAVASCRIPT/GelatoSorvetes/my-app/.next/dev/static/chunks/_1uv-p52._.js:25:9)
    at validateProperty (file://C:/PROJETOS JAVASCRIPT/GelatoSorvetes/my-app/.next/dev/static/chunks/node_modules_next_dist_compiled_react-dom_096_9a-._.js:2094:60)
    at warnUnknownProperties (file://C:/PROJETOS JAVASCRIPT/GelatoSorvetes/my-app/.next/dev/static/chunks/node_modules_next_dist_compiled_react-dom_096_9a-._.js:2203:26)
    at validatePropertiesInDevelopment (file://C:/PROJETOS JAVASCRIPT/GelatoSorvetes/my-app/.next/dev/static/chunks/node_modules_next_dist_compiled_react-dom_096_9a-._.js:10679:66)
    at updateProperties (file://C:/PROJETOS JAVASCRIPT/GelatoSorvetes/my-app/.next/dev/static/chunks/node_modules_next_dist_compiled_react-dom_096_9a-._.js:11147:9)
    at commitUpdate (file://C:/PROJETOS JAVASCRIPT/GelatoSorvetes/my-app/.next/dev/static/chunks/node_modules_next_dist_compiled_react-dom_096_9a-._.js:11894:9)
    at runWithFiberInDEV (file://C:/PROJETOS JAVASCRIPT/GelatoSorvetes/my-app/.next/dev/static/chunks/node_modules_next_dist_compiled_react-dom_096_9a-._.js:965:74)
    at commitHostUpdate (file://C:/PROJETOS JAVASCRIPT/GelatoSorvetes/my-app/.next/dev/static/chunks/node_modules_next_dist_compiled_react-dom_096_9a-._.js:7421:13)
    at commitMutationEffectsOnFiber (file://C:/PROJETOS JAVASCRIPT/GelatoSorvetes/my-app/.next/dev/static/chunks/node_modules_next_dist_compiled_react-dom_096_9a-._.js:8298:100)
    at recursivelyTraverseMutationEffects (file://C:/PROJETOS JAVASCRIPT/GelatoSorvetes/my-app/.next/dev/static/chunks/node_modules_next_dist_compiled_react-dom_096_9a-._.js:8205:106)
    at commitMutationEffectsOnFiber (file://C:/PROJETOS JAVASCRIPT/GelatoSorvetes/my-app/.next/dev/static/chunks/node_modules_next_dist_compiled_react-dom_096_9a-._.js:8214:17)
    at recursivelyTraverseMutationEffects (file://C:/PROJETOS JAVASCRIPT/GelatoSorvetes/my-app/.next/dev/static/chunks/node_modules_next_dist_compiled_react-dom_096_9a-._.js:8205:106)
    at commitMutationEffectsOnFiber (file://C:/PROJETOS JAVASCRIPT/GelatoSorvetes/my-app/.next/dev/static/chunks/node_modules_next_dist_compiled_react-dom_096_9a-._.js:8214:17)
    at recursivelyTraverseMutationEffects (file://C:/PROJETOS JAVASCRIPT/GelatoSorvetes/my-app/.next/dev/static/chunks/node_modules_next_dist_compiled_react-dom_096_9a-._.js:8205:106)
    at commitMutationEffectsOnFiber (file://C:/PROJETOS JAVASCRIPT/GelatoSorvetes/my-app/.next/dev/static/chunks/node_modules_next_dist_compiled_react-dom_096_9a-._.js:8403:17)
    at recursivelyTraverseMutationEffects (file://C:/PROJETOS JAVASCRIPT/GelatoSorvetes/my-app/.next/dev/static/chunks/node_modules_next_dist_compiled_react-dom_096_9a-._.js:8205:106)
    at commitMutationEffectsOnFiber (file://C:/PROJETOS JAVASCRIPT/GelatoSorvetes/my-app/.next/dev/static/chunks/node_modules_next_dist_compiled_react-dom_096_9a-._.js:8403:17)
    at recursivelyTraverseMutationEffects (file://C:/PROJETOS JAVASCRIPT/GelatoSorvetes/my-app/.next/dev/static/chunks/node_modules_next_dist_compiled_react-dom_096_9a-._.js:8205:106)
    at commitMutationEffectsOnFiber (file://C:/PROJETOS JAVASCRIPT/GelatoSorvetes/my-app/.next/dev/static/chunks/node_modules_next_dist_compiled_react-dom_096_9a-._.js:8403:17)
    at recursivelyTraverseMutationEffects (file://C:/PROJETOS JAVASCRIPT/GelatoSorvetes/my-app/.next/dev/static/chunks/node_modules_next_dist_compiled_react-dom_096_9a-._.js:8205:106)
    at commitMutationEffectsOnFiber (file://C:/PROJETOS JAVASCRIPT/GelatoSorvetes/my-app/.next/dev/static/chunks/node_modules_next_dist_compiled_react-dom_096_9a-._.js:8214:17)
    at recursivelyTraverseMutationEffects (file://C:/PROJETOS JAVASCRIPT/GelatoSorvetes/my-app/.next/dev/static/chunks/node_modules_next_dist_compiled_react-dom_096_9a-._.js:8205:106)
    at commitMutationEffectsOnFiber (file://C:/PROJETOS JAVASCRIPT/GelatoSorvetes/my-app/.next/dev/static/chunks/node_modules_next_dist_compiled_react-dom_096_9a-._.js:8214:17)
    at recursivelyTraverseMutationEffects (file://C:/PROJETOS JAVASCRIPT/GelatoSorvetes/my-app/.next/dev/static/chunks/node_modules_next_dist_compiled_react-dom_096_9a-._.js:8205:106)
    at commitMutationEffectsOnFiber (file://C:/PROJETOS JAVASCRIPT/GelatoSorvetes/my-app/.next/dev/static/chunks/node_modules_next_dist_compiled_react-dom_096_9a-._.js:8286:17)
    at recursivelyTraverseMutationEffects (file://C:/PROJETOS JAVASCRIPT/GelatoSorvetes/my-app/.next/dev/static/chunks/node_modules_next_dist_compiled_react-dom_096_9a-._.js:8205:106)
    at commitMutationEffectsOnFiber (file://C:/PROJETOS JAVASCRIPT/GelatoSorvetes/my-app/.next/dev/static/chunks/node_modules_next_dist_compiled_react-dom_096_9a-._.js:8286:17)
    at recursivelyTraverseMutationEffects (file://C:/PROJETOS JAVASCRIPT/GelatoSorvetes/my-app/.next/dev/static/chunks/node_modules_next_dist_compiled_react-dom_096_9a-._.js:8205:106)
    at commitMutationEffectsOnFiber (file://C:/PROJETOS JAVASCRIPT/GelatoSorvetes/my-app/.next/dev/static/chunks/node_modules_next_dist_compiled_react-dom_096_9a-._.js:8214:17)
    at recursivelyTraverseMutationEffects (file://C:/PROJETOS JAVASCRIPT/GelatoSorvetes/my-app/.next/dev/static/chunks/node_modules_next_dist_compiled_react-dom_096_9a-._.js:8205:106)
    at commitMutationEffectsOnFiber (file://C:/PROJETOS JAVASCRIPT/GelatoSorvetes/my-app/.next/dev/static/chunks/node_modules_next_dist_compiled_react-dom_096_9a-._.js:8286:17)
    at recursivelyTraverseMutationEffects (file://C:/PROJETOS JAVASCRIPT/GelatoSorvetes/my-app/.next/dev/static/chunks/node_modules_next_dist_compiled_react-dom_096_9a-._.js:8205:106)
    at commitMutationEffectsOnFiber (file://C:/PROJETOS JAVASCRIPT/GelatoSorvetes/my-app/.next/dev/static/chunks/node_modules_next_dist_compiled_react-dom_096_9a-._.js:8214:17)
    at recursivelyTraverseMutationEffects (file://C:/PROJETOS JAVASCRIPT/GelatoSorvetes/my-app/.next/dev/static/chunks/node_modules_next_dist_compiled_react-dom_096_9a-._.js:8205:106)
    at commitMutationEffectsOnFiber (file://C:/PROJETOS JAVASCRIPT/GelatoSorvetes/my-app/.next/dev/static/chunks/node_modules_next_dist_compiled_react-dom_096_9a-._.js:8286:17)
    at recursivelyTraverseMutationEffects (file://C:/PROJETOS JAVASCRIPT/GelatoSorvetes/my-app/.next/dev/static/chunks/node_modules_next_dist_compiled_react-dom_096_9a-._.js:8205:106)
    at commitMutationEffectsOnFiber (file://C:/PROJETOS JAVASCRIPT/GelatoSorvetes/my-app/.next/dev/static/chunks/node_modules_next_dist_compiled_react-dom_096_9a-._.js:8214:17)
    at recursivelyTraverseMutationEffects (file://C:/PROJETOS JAVASCRIPT/GelatoSorvetes/my-app/.next/dev/static/chunks/node_modules_next_dist_compiled_react-dom_096_9a-._.js:8205:106)
    at commitMutationEffectsOnFiber (file://C:/PROJETOS JAVASCRIPT/GelatoSorvetes/my-app/.next/dev/static/chunks/node_modules_next_dist_compiled_react-dom_096_9a-._.js:8286:17)
    at recursivelyTraverseMutationEffects (file://C:/PROJETOS JAVASCRIPT/GelatoSorvetes/my-app/.next/dev/static/chunks/node_modules_next_dist_compiled_react-dom_096_9a-._.js:8205:106)
    at commitMutationEffectsOnFiber (file://C:/PROJETOS JAVASCRIPT/GelatoSorvetes/my-app/.next/dev/static/chunks/node_modules_next_dist_compiled_react-dom_096_9a-._.js:8286:17)
    at recursivelyTraverseMutationEffects (file://C:/PROJETOS JAVASCRIPT/GelatoSorvetes/my-app/.next/dev/static/chunks/node_modules_next_dist_compiled_react-dom_096_9a-._.js:8205:106)
    at commitMutationEffectsOnFiber (file://C:/PROJETOS JAVASCRIPT/GelatoSorvetes/my-app/.next/dev/static/chunks/node_modules_next_dist_compiled_react-dom_096_9a-._.js:8214:17)
    at recursivelyTraverseMutationEffects (file://C:/PROJETOS JAVASCRIPT/GelatoSorvetes/my-app/.next/dev/static/chunks/node_modules_next_dist_compiled_react-dom_096_9a-._.js:8205:106)
    at commitMutationEffectsOnFiber (file://C:/PROJETOS JAVASCRIPT/GelatoSorvetes/my-app/.next/dev/static/chunks/node_modules_next_dist_compiled_react-dom_096_9a-._.js:8286:17)
    at recursivelyTraverseMutationEffects (file://C:/PROJETOS JAVASCRIPT/GelatoSorvetes/my-app/.next/dev/static/chunks/node_modules_next_dist_compiled_react-dom_096_9a-._.js:8205:106)
    at commitMutationEffectsOnFiber (file://C:/PROJETOS JAVASCRIPT/GelatoSorvetes/my-app/.next/dev/static/chunks/node_modules_next_dist_compiled_react-dom_096_9a-._.js:8214:17)
    at recursivelyTraverseMutationEffects (file://C:/PROJETOS JAVASCRIPT/GelatoSorvetes/my-app/.next/dev/static/chunks/node_modules_next_dist_compiled_react-dom_096_9a-._.js:8205:106) (file://C:/PROJETOS JAVASCRIPT/GelatoSorvetes/my-app/.next/dev/static/chunks/_1uv-p52._.js:25:9)
 GET /admin/coupons 200 in 423ms (next.js: 350ms, proxy.ts: 21ms, application-code: 53ms)
 GET /checkout/success?orderId=cmri94k1v0004t0vrshwmduyz 200 in 427ms (next.js: 183ms, proxy.ts: 21ms, application-code: 222ms)
 GET /icon-192.png 404 in 204ms (next.js: 24ms, application-code: 180ms)
 GET /icon-192.png 404 in 62ms (next.js: 10ms, application-code: 52ms)
✓ Compiled in 103ms
 GET /checkout/success?orderId=cmri94k1v0004t0vrshwmduyz 200 in 252ms (next.js: 198ms, proxy.ts: 20ms, application-code: 33ms)
 GET /admin/coupons 200 in 256ms (next.js: 126ms, proxy.ts: 21ms, application-code: 109ms)
 GET /icon-192.png 404 in 163ms (next.js: 30ms, application-code: 133ms)
 GET /icon-192.png 404 in 66ms (next.js: 23ms, application-code: 43ms)
✓ Compiled in 108ms
 GET /admin/coupons 200 in 279ms (next.js: 220ms, proxy.ts: 22ms, application-code: 37ms)
 GET /checkout/success?orderId=cmri94k1v0004t0vrshwmduyz 200 in 278ms (next.js: 147ms, proxy.ts: 22ms, application-code: 110ms)
 GET /icon-192.png 404 in 233ms (next.js: 34ms, application-code: 199ms)
 GET /icon-192.png 404 in 67ms (next.js: 9ms, application-code: 58ms)
✓ Compiled in 109ms
 GET /checkout/success?orderId=cmri94k1v0004t0vrshwmduyz 200 in 275ms (next.js: 134ms, proxy.ts: 26ms, application-code: 115ms)
 GET /admin/coupons 200 in 280ms (next.js: 213ms, proxy.ts: 26ms, application-code: 41ms)
 GET /icon-192.png 404 in 268ms (next.js: 36ms, application-code: 232ms)
 GET /icon-192.png 404 in 76ms (next.js: 9ms, application-code: 67ms)
✓ Compiled in 128ms
 GET /admin/coupons 200 in 435ms (next.js: 333ms, proxy.ts: 27ms, application-code: 75ms)
 GET /checkout/success?orderId=cmri94k1v0004t0vrshwmduyz 200 in 435ms (next.js: 138ms, proxy.ts: 26ms, application-code: 271ms)
 GET /admin/coupons 200 in 101ms (next.js: 63ms, proxy.ts: 4ms, application-code: 33ms)
 GET /checkout/success?orderId=cmri94k1v0004t0vrshwmduyz 200 in 113ms (next.js: 33ms, proxy.ts: 10ms, application-code: 71ms)
 GET /icon-192.png 404 in 300ms (next.js: 43ms, application-code: 258ms)
 GET /icon-192.png 404 in 105ms (next.js: 17ms, application-code: 88ms)
 GET /checkout/success?orderId=cmri94k1v0004t0vrshwmduyz 200 in 124ms (next.js: 7ms, proxy.ts: 3ms, application-code: 113ms)
 GET /icon-192.png 404 in 103ms (next.js: 12ms, application-code: 91ms)
 POST /checkout/success?orderId=cmri94k1v0004t0vrshwmduyz 200 in 95ms (next.js: 9ms, proxy.ts: 9ms, application-code: 77ms)
  └─ ƒ getSessionAction("eyJhbGciOiJIUzI1NiJ9.eyJ1c2VySWQiOiJjbXJpNDExbWwwMDAwcmt2cmU0aGRiNm90IiwiZW1haWwiOiJlbWVyc29uYmF0YWd1YXNzdUBnbWFpbC5jb20iLCJpYXQiOjE3ODM4ODgzNzYsImV4cCI6MTc4NDQ5MzE3Nn0.xyTcXttCbzxG0jndbpgVNsyIMRlGxm90AYQ7le-_xuE") in 48ms features/auth/actions/auth.actions.ts
 POST /checkout/success?orderId=cmri94k1v0004t0vrshwmduyz 200 in 34ms (next.js: 7ms, proxy.ts: 3ms, application-code: 24ms)
  └─ ƒ getOrderByIdAction("cmri94k1v0004t0vrshwmduyz") in 15ms features/orders/actions/orders.actions.ts
 POST /checkout/success?orderId=cmri94k1v0004t0vrshwmduyz 200 in 27ms (next.js: 7ms, proxy.ts: 3ms, application-code: 16ms)
  └─ ƒ getSessionAction("eyJhbGciOiJIUzI1NiJ9.eyJ1c2VySWQiOiJjbXJpNDExbWwwMDAwcmt2cmU0aGRiNm90IiwiZW1haWwiOiJlbWVyc29uYmF0YWd1YXNzdUBnbWFpbC5jb20iLCJpYXQiOjE3ODM4ODgzNzYsImV4cCI6MTc4NDQ5MzE3Nn0.xyTcXttCbzxG0jndbpgVNsyIMRlGxm90AYQ7le-_xuE") in 6ms features/auth/actions/auth.actions.ts
 POST /checkout/success?orderId=cmri94k1v0004t0vrshwmduyz 200 in 27ms (next.js: 7ms, proxy.ts: 3ms, application-code: 18ms)
  └─ ƒ getOrderByIdAction("cmri94k1v0004t0vrshwmduyz") in 8ms features/orders/actions/orders.actions.ts
